[12:47:56] [main/INFO] (FabricLoader/GameProvider) Loading Minecraft 26.1 with Fabric Loader 0.19.2
[12:47:56] [main/INFO] (FabricLoader/Mappings) Mappings not present!
[12:47:57] [main/INFO] (FabricLoader) Loading 50 mods:
	- fabric-api 0.145.1+26.1
	- fabric-api-base 2.0.3+ece0632347
	- fabric-api-lookup-api-v1 2.0.10+d5a053b647
	- fabric-biome-api-v1 18.0.4+35c80edc47
	- fabric-block-api-v1 3.0.2+ec56b60147
	- fabric-block-getter-api-v2 2.0.6+ec56b60147
	- fabric-client-gametest-api-v1 5.0.13+ff4eae5a47
	- fabric-command-api-v2 3.0.5+e2bdee7847
	- fabric-content-registries-v0 11.0.12+d871b99e47
	- fabric-convention-tags-v2 4.3.2+c37e6e5f47
	- fabric-crash-report-info-v1 1.0.3+9f78a5a847
	- fabric-creative-tab-api-v1 5.0.10+d871b99e47
	- fabric-data-attachment-api-v1 2.2.3+d602a89647
	- fabric-data-generation-api-v1 24.0.17+35c80edc47
	- fabric-debug-api-v1 1.0.1+c792624d47
	- fabric-dimensions-v1 5.1.4+9cbf5da547
	- fabric-entity-events-v1 5.0.2+e2bdee7847
	- fabric-events-interaction-v0 5.1.10+c82f046147
	- fabric-game-rule-api-v1 4.0.5+d871b99e47
	- fabric-gametest-api-v1 4.0.13+00a1fba647
	- fabric-item-api-v1 14.1.0+9833182c47
	- fabric-key-mapping-api-v1 2.0.4+e2bdee7847
	- fabric-lifecycle-events-v1 4.0.6+a9b9c17647
	- fabric-loot-api-v3 3.0.11+00a1fba647
	- fabric-menu-api-v1 2.0.12+d871b99e47
	- fabric-message-api-v1 7.0.5+dae8ce3e47
	- fabric-model-loading-api-v1 8.0.1+c7e428fd47
	- fabric-networking-api-v1 6.3.0+50a808ce47
	- fabric-object-builder-api-v1 23.0.13+b61fef4347
	- fabric-particles-v1 5.0.14+b61fef4347
	- fabric-recipe-api-v1 9.0.13+be4b75ae47
	- fabric-registry-sync-v0 7.0.12+b61fef4347
	- fabric-renderer-api-v1 12.0.0+51b152e147
	- fabric-renderer-indigo 8.0.0+51b152e147
	- fabric-rendering-fluids-v1 6.0.1+d871b99e47
	- fabric-rendering-v1 23.0.4+c7e428fd47
	- fabric-resource-conditions-api-v1 6.0.5+00a1fba647
	- fabric-resource-loader-v0 3.3.16+4fc5413f47
	- fabric-resource-loader-v1 2.0.9+d871b99e47
	- fabric-screen-api-v1 5.0.1+d871b99e47
	- fabric-serialization-api-v1 2.0.3+11a26f3147
	- fabric-sound-api-v1 2.0.4+11a26f3147
	- fabric-tag-api-v1 2.0.9+11a26f3147
	- fabric-transfer-api-v1 8.0.2+d871b99e47
	- fabric-transitive-access-wideners-v1 8.0.11+d871b99e47
	- fabricloader 0.19.2
	- fastreset 1.0-SNAPSHOT
	- java 25
	- minecraft 26.1
	- mixinextras 0.5.4
[12:47:57] [main/WARN] (FabricLoader/ModRemap) Runtime mod remapping disabled due to no fabric.remapClasspathFile being specified. You may need to update loom.
[12:47:57] [main/INFO] (FabricLoader/Mixin) SpongePowered MIXIN Subsystem Version=0.8.7 Source=file:/C:/Users/milow/.gradle/caches/modules-2/files-2.1/net.fabricmc/sponge-mixin/0.17.2+mixin.0.8.7/edf98d1d98229e46e36c61774ae2b54dcd852981/sponge-mixin-0.17.2+mixin.0.8.7.jar Service=Knot/Fabric Env=CLIENT
[12:47:58] [main/INFO] (FabricLoader/Mixin) Compatibility level set to JAVA_25
[12:48:01] [main/INFO] (FabricLoader/MixinExtras|Service) Initializing MixinExtras via com.llamalad7.mixinextras.service.MixinExtrasServiceImpl(version=0.5.4).
[12:48:03] [Datafixer Bootstrap/INFO] (Minecraft) 291 Datafixer optimizations took 584 milliseconds
[12:48:15] [Render thread/INFO] (Minecraft) Environment: Environment[sessionHost=https://sessionserver.mojang.com, servicesHost=https://api.minecraftservices.com, profilesHost=https://api.mojang.com, name=PROD]
[12:48:15] [Render thread/INFO] (Minecraft) Setting user: Player72
[12:48:15] [Render thread/INFO] (Indigo) [Indigo] Registering Indigo renderer!
[12:48:16] [Render thread/INFO] (Minecraft) Backend library: LWJGL version 3.4.1-snapshot
[12:48:17] [Download-2/ERROR] (Minecraft) Failed to fetch user properties
com.mojang.authlib.exceptions.InvalidCredentialsException: Status: 401
	at knot//com.mojang.authlib.exceptions.MinecraftClientHttpException.toAuthenticationException(MinecraftClientHttpException.java:59)
	at knot//com.mojang.authlib.yggdrasil.YggdrasilUserApiService.fetchProperties(YggdrasilUserApiService.java:150)
	at knot//net.minecraft.client.Minecraft.lambda$new$1(Minecraft.java:459)
	at java.base/java.util.concurrent.CompletableFuture$AsyncSupply.run(CompletableFuture.java:1789)
	at java.base/java.util.concurrent.ThreadPoolExecutor.runWorker(ThreadPoolExecutor.java:1090)
	at java.base/java.util.concurrent.ThreadPoolExecutor$Worker.run(ThreadPoolExecutor.java:614)
	at java.base/java.lang.Thread.run(Thread.java:1474)
Caused by: com.mojang.authlib.exceptions.MinecraftClientHttpException: Status: 401
	at knot//com.mojang.authlib.minecraft.client.MinecraftClient.readInputStream(MinecraftClient.java:103)
	at knot//com.mojang.authlib.minecraft.client.MinecraftClient.get(MinecraftClient.java:56)
	at knot//com.mojang.authlib.yggdrasil.YggdrasilUserApiService.fetchProperties(YggdrasilUserApiService.java:121)
	... 5 more
[12:48:17] [Render thread/INFO] (Minecraft) Using optional rendering extensions: GL_ARB_buffer_storage, GL_KHR_debug, GL_ARB_vertex_attrib_binding, GL_ARB_direct_state_access, GL_EXT_texture_filter_anisotropic
[12:48:18] [Download-2/INFO] (Minecraft) Could not authorize you against Realms server: java.lang.RuntimeException: Failed to parse into SignedJWT: FabricMC
[12:48:18] [Download-2/ERROR] (Minecraft) Failed to fetch Realms feature flags
com.mojang.realmsclient.exception.RealmsServiceException: Realms authentication error with message 'java.lang.RuntimeException: Failed to parse into SignedJWT: FabricMC'
	at knot//com.mojang.realmsclient.client.RealmsClient.execute(RealmsClient.java:526)
	at knot//com.mojang.realmsclient.client.RealmsClient.fetchFeatureFlags(RealmsClient.java:186)
	at java.base/java.util.concurrent.CompletableFuture$AsyncSupply.run(CompletableFuture.java:1789)
	at java.base/java.util.concurrent.ThreadPoolExecutor.runWorker(ThreadPoolExecutor.java:1090)
	at java.base/java.util.concurrent.ThreadPoolExecutor$Worker.run(ThreadPoolExecutor.java:614)
	at java.base/java.lang.Thread.run(Thread.java:1474)
[12:48:18] [Render thread/INFO] (Minecraft) Reloading ResourceManager: vanilla, fabric-api, fabric-api-base, fabric-api-lookup-api-v1, fabric-biome-api-v1, fabric-block-api-v1, fabric-block-getter-api-v2, fabric-client-gametest-api-v1, fabric-command-api-v2, fabric-content-registries-v0, fabric-convention-tags-v2, fabric-crash-report-info-v1, fabric-creative-tab-api-v1, fabric-data-attachment-api-v1, fabric-data-generation-api-v1, fabric-debug-api-v1, fabric-dimensions-v1, fabric-entity-events-v1, fabric-events-interaction-v0, fabric-game-rule-api-v1, fabric-gametest-api-v1, fabric-item-api-v1, fabric-key-mapping-api-v1, fabric-lifecycle-events-v1, fabric-loot-api-v3, fabric-menu-api-v1, fabric-message-api-v1, fabric-model-loading-api-v1, fabric-networking-api-v1, fabric-object-builder-api-v1, fabric-particles-v1, fabric-recipe-api-v1, fabric-registry-sync-v0, fabric-renderer-api-v1, fabric-renderer-indigo, fabric-rendering-fluids-v1, fabric-rendering-v1, fabric-resource-conditions-api-v1, fabric-resource-loader-v0, fabric-resource-loader-v1, fabric-screen-api-v1, fabric-serialization-api-v1, fabric-sound-api-v1, fabric-tag-api-v1, fabric-transfer-api-v1, fabric-transitive-access-wideners-v1, fabricloader
[12:48:19] [Worker-Main-11/INFO] (Minecraft) Found unifont_pua-17.0.01.hex, loading
[12:48:19] [Worker-Main-4/INFO] (Minecraft) Found unifont_all_no_pua-17.0.01.hex, loading
[12:48:19] [Worker-Main-12/INFO] (Minecraft) Found unifont_jp_patch-17.0.01.hex, loading
[12:48:22] [Render thread/INFO] (Minecraft) OpenAL initialized on device OpenAL Soft on Lautsprecher (Soulion R40)
[12:48:22] [Render thread/INFO] (Minecraft) Sound engine started
[12:48:22] [Render thread/INFO] (Minecraft) Created: 512x256x0 minecraft:textures/atlas/particles.png-atlas
[12:48:22] [Render thread/INFO] (Minecraft) Created: 128x128x0 minecraft:textures/atlas/decorated_pot.png-atlas
[12:48:22] [Render thread/INFO] (Minecraft) Created: 2048x1024x0 minecraft:textures/atlas/armor_trims.png-atlas
[12:48:22] [Render thread/INFO] (Minecraft) Created: 512x256x0 minecraft:textures/atlas/paintings.png-atlas
[12:48:22] [Render thread/INFO] (Minecraft) Created: 1024x512x0 minecraft:textures/atlas/shield_patterns.png-atlas
[12:48:22] [Render thread/INFO] (Minecraft) Created: 2048x2048x4 minecraft:textures/atlas/blocks.png-atlas
[12:48:22] [Render thread/INFO] (Minecraft) Created: 512x512x0 minecraft:textures/atlas/chest.png-atlas
[12:48:22] [Render thread/INFO] (Minecraft) Created: 256x128x0 minecraft:textures/atlas/celestials.png-atlas
[12:48:22] [Render thread/INFO] (Minecraft) Created: 1024x512x0 minecraft:textures/atlas/banner_patterns.png-atlas
[12:48:22] [Render thread/INFO] (Minecraft) Created: 512x512x0 minecraft:textures/atlas/beds.png-atlas
[12:48:22] [Render thread/INFO] (Minecraft) Created: 1024x512x0 minecraft:textures/atlas/items.png-atlas
[12:48:23] [Render thread/INFO] (Minecraft) Created: 1024x1024x0 minecraft:textures/atlas/gui.png-atlas
[12:48:23] [Render thread/INFO] (Minecraft) Created: 128x64x0 minecraft:textures/atlas/map_decorations.png-atlas
[12:48:23] [Render thread/INFO] (Minecraft) Created: 512x256x0 minecraft:textures/atlas/signs.png-atlas
[12:48:23] [Render thread/INFO] (Minecraft) Created: 512x512x0 minecraft:textures/atlas/shulker_boxes.png-atlas
[12:48:23] [IO-Worker-1/INFO] (Minecraft) Could not authorize you against Realms server: java.lang.RuntimeException: Failed to parse into SignedJWT: FabricMC
[12:48:23] [IO-Worker-1/ERROR] (Minecraft) Couldn't connect to realms
com.mojang.realmsclient.exception.RealmsServiceException: Realms authentication error with message 'java.lang.RuntimeException: Failed to parse into SignedJWT: FabricMC'
	at knot//com.mojang.realmsclient.client.RealmsClient.execute(RealmsClient.java:526)
	at knot//com.mojang.realmsclient.client.RealmsClient.clientCompatible(RealmsClient.java:307)
	at knot//com.mojang.realmsclient.RealmsAvailability.lambda$check$0(RealmsAvailability.java:48)
	at java.base/java.util.concurrent.CompletableFuture$AsyncSupply.run(CompletableFuture.java:1789)
	at java.base/java.util.concurrent.ThreadPoolExecutor.runWorker(ThreadPoolExecutor.java:1090)
	at java.base/java.util.concurrent.ThreadPoolExecutor$Worker.run(ThreadPoolExecutor.java:614)
	at java.base/java.lang.Thread.run(Thread.java:1474)
[12:48:28] [Render thread/INFO] (Minecraft) [STDOUT]: [FastReset] Seed search started. desertLimit=25
[12:48:30] [Render thread/INFO] (Minecraft) Loaded 1515 recipes
[12:48:30] [Render thread/INFO] (Minecraft) Loaded 1617 advancements
[12:48:30] [Render thread/INFO] (Minecraft) [STDOUT]: [FastReset] Trying to create: Desert Seed #1
[12:48:30] [Render thread/INFO] (BiomeModificationImpl) Applied 0 biome modifications to 0 of 65 new biomes in 1.995 ms
[12:48:30] [Server thread/INFO] (Minecraft) Starting integrated minecraft server version 26.1
[12:48:30] [Server thread/INFO] (Minecraft) Generating keypair
[12:48:31] [Server thread/INFO] (Minecraft) Selecting global world spawn...
[12:48:34] [Server thread/INFO] (Minecraft) Loading 0 persistent chunks...
[12:48:34] [Server thread/INFO] (Minecraft) Preparing spawn area: 16%
[12:48:34] [Server thread/INFO] (Minecraft) Saving chunks for level 'ServerLevel[Desert Seed #1]'/minecraft:overworld
[12:48:34] [Server thread/INFO] (Minecraft) Saving chunks for level 'ServerLevel[Desert Seed #1]'/minecraft:the_end
[12:48:34] [Server thread/INFO] (Minecraft) Saving chunks for level 'ServerLevel[Desert Seed #1]'/minecraft:the_nether
[12:48:34] [Server thread/INFO] (Minecraft) ThreadedAnvilChunkStorage (world): All chunks are saved
[12:48:34] [Server thread/INFO] (Minecraft) ThreadedAnvilChunkStorage (DIM1): All chunks are saved
[12:48:34] [Server thread/INFO] (Minecraft) ThreadedAnvilChunkStorage (DIM-1): All chunks are saved
[12:48:34] [Server thread/INFO] (Minecraft) ThreadedAnvilChunkStorage: All dimensions are saved
[12:48:35] [Server thread/INFO] (Minecraft) Loading 48 chunks for player spawn...
[12:48:35] [Server thread/INFO] (Minecraft) Preparing spawn area: 16%
[12:48:35] [Server thread/INFO] (Minecraft) Preparing spawn area: 16%
[12:48:35] [Server thread/INFO] (Minecraft) Preparing spawn area: 16%
[12:48:35] [Server thread/INFO] (Minecraft) Preparing spawn area: 16%
[12:48:35] [Server thread/INFO] (Minecraft) Preparing spawn area: 16%
[12:48:35] [Server thread/INFO] (Minecraft) Preparing spawn area: 16%
[12:48:35] [Server thread/INFO] (Minecraft) Preparing spawn area: 16%
[12:48:35] [Server thread/INFO] (Minecraft) Preparing spawn area: 16%
[12:48:35] [Server thread/INFO] (Minecraft) Preparing spawn area: 16%
[12:48:36] [Server thread/INFO] (Minecraft) Preparing spawn area: 30%
[12:48:37] [Server thread/INFO] (Minecraft) Preparing spawn area: 30%
[12:48:37] [Server thread/INFO] (Minecraft) Preparing spawn area: 30%
[12:48:37] [Server thread/INFO] (Minecraft) Preparing spawn area: 30%
[12:48:38] [Server thread/INFO] (Minecraft) Preparing spawn area: 58%
[12:48:38] [Server thread/INFO] (Minecraft) Preparing spawn area: 58%
[12:48:39] [Server thread/INFO] (Minecraft) Time elapsed: 7772 ms
[12:48:39] [Server thread/INFO] (Minecraft) Player72[local:E:519c9932] logged in with entity id 3 at (6.5, 68.0, -42.5)
[12:48:39] [Server thread/INFO] (Minecraft) Player72 joined the game
[12:48:39] [Server thread/INFO] (Minecraft) Changing view distance to 32, from 10
[12:48:39] [Server thread/INFO] (Minecraft) Changing simulation distance to 5, from 0
[12:48:39] [Render thread/INFO] (Minecraft) Loaded 2 advancements
[12:48:39] [Render thread/INFO] (Minecraft) Resizing Dynamic Transforms UBO, capacity limit of 2 reached during a single frame. New capacity will be 4.
[12:48:39] [Render thread/INFO] (Minecraft) Resizing Dynamic Transforms UBO, capacity limit of 4 reached during a single frame. New capacity will be 8.
[12:48:40] [Render thread/INFO] (Minecraft) [STDOUT]: [FastReset] Not desert -> DELETE: Desert Seed #1
[12:48:40] [Server thread/INFO] (Minecraft) Stopping server
[12:48:40] [Server thread/INFO] (Minecraft) Saving players
[12:48:40] [Server thread/INFO] (Minecraft) Player72 lost connection: Disconnected
[12:48:40] [Server thread/INFO] (Minecraft) Player72 left the game
[12:48:40] [Server thread/INFO] (Minecraft) Stopping singleplayer server as player logged out
[12:48:40] [Server thread/INFO] (Minecraft) Saving worlds
[12:48:40] [Server thread/INFO] (Minecraft) [STDOUT]: [FastReset] Skipping chunk save for rejected candidate: Desert Seed #1
[12:48:40] [Server thread/INFO] (Minecraft) Saving chunks for level 'ServerLevel[Desert Seed #1]'/minecraft:overworld
[12:48:40] [Server thread/INFO] (Minecraft) Saving chunks for level 'ServerLevel[Desert Seed #1]'/minecraft:the_end
[12:48:40] [Server thread/INFO] (Minecraft) Saving chunks for level 'ServerLevel[Desert Seed #1]'/minecraft:the_nether
[12:48:40] [Server thread/INFO] (Minecraft) ThreadedAnvilChunkStorage (world): All chunks are saved
[12:48:40] [Server thread/INFO] (Minecraft) ThreadedAnvilChunkStorage (DIM1): All chunks are saved
[12:48:40] [Server thread/INFO] (Minecraft) ThreadedAnvilChunkStorage (DIM-1): All chunks are saved
[12:48:40] [Server thread/INFO] (Minecraft) ThreadedAnvilChunkStorage: All dimensions are saved
[12:48:41] [Render thread/INFO] (Minecraft) [STDOUT]: [FastReset] Trying to delete: Desert Seed #1
[12:48:41] [Render thread/INFO] (Minecraft) [STDOUT]: [FastReset] Deleted: Desert Seed #1
[12:48:42] [Render thread/INFO] (Minecraft) Loaded 1515 recipes
[12:48:42] [Render thread/INFO] (Minecraft) Loaded 1617 advancements
[12:48:42] [Render thread/INFO] (Minecraft) [STDOUT]: [FastReset] Trying to create: Desert Seed #1
[12:48:42] [Render thread/INFO] (BiomeModificationImpl) Applied 0 biome modifications to 0 of 65 new biomes in 384.0 μs
[12:48:42] [Server thread/INFO] (Minecraft) Starting integrated minecraft server version 26.1
[12:48:42] [Server thread/INFO] (Minecraft) Generating keypair
[12:48:42] [Server thread/INFO] (Minecraft) Selecting global world spawn...
[12:48:44] [Server thread/INFO] (Minecraft) Loading 0 persistent chunks...
[12:48:44] [Server thread/INFO] (Minecraft) Preparing spawn area: 16%
[12:48:44] [Server thread/INFO] (Minecraft) Saving chunks for level 'ServerLevel[Desert Seed #1]'/minecraft:overworld
[12:48:44] [Server thread/INFO] (Minecraft) Saving chunks for level 'ServerLevel[Desert Seed #1]'/minecraft:the_end
[12:48:44] [Server thread/INFO] (Minecraft) Saving chunks for level 'ServerLevel[Desert Seed #1]'/minecraft:the_nether
[12:48:44] [Server thread/INFO] (Minecraft) ThreadedAnvilChunkStorage (world): All chunks are saved
[12:48:44] [Server thread/INFO] (Minecraft) ThreadedAnvilChunkStorage (DIM1): All chunks are saved
[12:48:44] [Server thread/INFO] (Minecraft) ThreadedAnvilChunkStorage (DIM-1): All chunks are saved
[12:48:44] [Server thread/INFO] (Minecraft) ThreadedAnvilChunkStorage: All dimensions are saved
[12:48:44] [Server thread/INFO] (Minecraft) Loading 47 chunks for player spawn...
[12:48:44] [Server thread/INFO] (Minecraft) Preparing spawn area: 16%
[12:48:44] [Server thread/INFO] (Minecraft) Preparing spawn area: 16%
[12:48:44] [Server thread/INFO] (Minecraft) Preparing spawn area: 16%
[12:48:44] [Server thread/INFO] (Minecraft) Preparing spawn area: 16%
[12:48:45] [Server thread/INFO] (Minecraft) Preparing spawn area: 29%
[12:48:45] [Server thread/INFO] (Minecraft) Preparing spawn area: 29%
[12:48:46] [Server thread/INFO] (Minecraft) Preparing spawn area: 57%
[12:48:46] [Server thread/INFO] (Minecraft) Time elapsed: 3967 ms
[12:48:46] [Server thread/INFO] (Minecraft) Player72[local:E:d021e9bf] logged in with entity id 75 at (-0.5, 68.0, 5.5)
[12:48:46] [Server thread/INFO] (Minecraft) Player72 joined the game
[12:48:46] [Server thread/INFO] (Minecraft) Changing view distance to 32, from 10
[12:48:46] [Render thread/INFO] (Minecraft) Loaded 2 advancements
[12:48:46] [Server thread/INFO] (Minecraft) Changing simulation distance to 5, from 0
[12:48:46] [Render thread/INFO] (Minecraft) [STDOUT]: [FastReset] Desert found -> KEEP: Desert Seed #1
[12:48:46] [Server thread/INFO] (Minecraft) Player72 lost connection: Internal Exception: java.nio.channels.ClosedChannelException
[12:48:46] [Server thread/INFO] (Minecraft) Player72 left the game
[12:48:46] [Server thread/INFO] (Minecraft) Stopping singleplayer server as player logged out
[12:48:46] [Server thread/INFO] (Minecraft) Stopping server
[12:48:46] [Server thread/INFO] (Minecraft) Saving players
[12:48:46] [Server thread/INFO] (Minecraft) Saving worlds
[12:48:46] [Server thread/INFO] (Minecraft) Saving chunks for level 'ServerLevel[Desert Seed #1]'/minecraft:overworld
[12:48:47] [Server thread/INFO] (Minecraft) Saving chunks for level 'ServerLevel[Desert Seed #1]'/minecraft:the_end
[12:48:47] [Server thread/INFO] (Minecraft) Saving chunks for level 'ServerLevel[Desert Seed #1]'/minecraft:the_nether
[12:48:47] [Server thread/INFO] (Minecraft) ThreadedAnvilChunkStorage (world): All chunks are saved
[12:48:47] [Server thread/INFO] (Minecraft) ThreadedAnvilChunkStorage (DIM1): All chunks are saved
[12:48:47] [Server thread/INFO] (Minecraft) ThreadedAnvilChunkStorage (DIM-1): All chunks are saved
[12:48:47] [Server thread/INFO] (Minecraft) ThreadedAnvilChunkStorage: All dimensions are saved
[12:48:48] [Render thread/INFO] (Minecraft) Loaded 1515 recipes
[12:48:48] [Render thread/INFO] (Minecraft) Loaded 1617 advancements
[12:48:48] [Render thread/INFO] (Minecraft) [STDOUT]: [FastReset] Trying to create: Desert Seed #2
[12:48:48] [Render thread/INFO] (BiomeModificationImpl) Applied 0 biome modifications to 0 of 65 new biomes in 284.7 μs
[12:48:48] [Server thread/INFO] (Minecraft) Starting integrated minecraft server version 26.1
[12:48:48] [Server thread/INFO] (Minecraft) Generating keypair
[12:48:48] [Server thread/INFO] (Minecraft) Selecting global world spawn...
[12:48:50] [Server thread/INFO] (Minecraft) Loading 0 persistent chunks...
[12:48:50] [Server thread/INFO] (Minecraft) Preparing spawn area: 16%
[12:48:50] [Server thread/INFO] (Minecraft) Saving chunks for level 'ServerLevel[New Worldk]'/minecraft:overworld
[12:48:50] [Server thread/INFO] (Minecraft) Saving chunks for level 'ServerLevel[New Worldk]'/minecraft:the_end
[12:48:50] [Server thread/INFO] (Minecraft) Saving chunks for level 'ServerLevel[New Worldk]'/minecraft:the_nether
[12:48:50] [Server thread/INFO] (Minecraft) ThreadedAnvilChunkStorage (world): All chunks are saved
[12:48:50] [Server thread/INFO] (Minecraft) ThreadedAnvilChunkStorage (DIM1): All chunks are saved
[12:48:50] [Server thread/INFO] (Minecraft) ThreadedAnvilChunkStorage (DIM-1): All chunks are saved
[12:48:50] [Server thread/INFO] (Minecraft) ThreadedAnvilChunkStorage: All dimensions are saved
[12:48:51] [Server thread/INFO] (Minecraft) Loading 47 chunks for player spawn...
[12:48:51] [Server thread/INFO] (Minecraft) Preparing spawn area: 16%
[12:48:51] [Server thread/INFO] (Minecraft) Preparing spawn area: 16%
[12:48:51] [Server thread/INFO] (Minecraft) Preparing spawn area: 16%
[12:48:51] [Server thread/INFO] (Minecraft) Preparing spawn area: 16%
[12:48:51] [Server thread/INFO] (Minecraft) Preparing spawn area: 16%
[12:48:51] [Server thread/INFO] (Minecraft) Preparing spawn area: 16%
[12:48:51] [Server thread/INFO] (Minecraft) Preparing spawn area: 18%
[12:48:52] [Server thread/INFO] (Minecraft) Preparing spawn area: 29%
[12:48:52] [Server thread/INFO] (Minecraft) Preparing spawn area: 29%
[12:48:53] [Server thread/INFO] (Minecraft) Preparing spawn area: 57%
[12:48:53] [Server thread/INFO] (Minecraft) Preparing spawn area: 84%
[12:48:53] [Server thread/INFO] (Minecraft) Time elapsed: 5586 ms
[12:48:53] [Server thread/INFO] (Minecraft) Player72[local:E:4b9ae566] logged in with entity id 83 at (269.5, 91.0, -277.5)
[12:48:53] [Server thread/INFO] (Minecraft) Player72 joined the game
[12:48:53] [Render thread/INFO] (Minecraft) [STDOUT]: [FastReset] Not desert -> DELETE: Desert Seed #2
[12:48:54] [Server thread/INFO] (Minecraft) Changing view distance to 32, from 10
[12:48:54] [Server thread/INFO] (Minecraft) Changing simulation distance to 5, from 0
[12:48:54] [Server thread/INFO] (Minecraft) Stopping server
[12:48:54] [Server thread/INFO] (Minecraft) Saving players
[12:48:54] [Server thread/INFO] (Minecraft) Player72 lost connection: Disconnected
[12:48:54] [Server thread/INFO] (Minecraft) Player72 left the game
[12:48:54] [Server thread/INFO] (Minecraft) Stopping singleplayer server as player logged out
[12:48:54] [Server thread/INFO] (Minecraft) Saving worlds
[12:48:54] [Server thread/INFO] (Minecraft) [STDOUT]: [FastReset] Skipping chunk save for rejected candidate: Desert Seed #2
[12:48:54] [Server thread/INFO] (Minecraft) Saving chunks for level 'ServerLevel[New Worldk]'/minecraft:overworld
[12:48:54] [Server thread/INFO] (Minecraft) Saving chunks for level 'ServerLevel[New Worldk]'/minecraft:the_end
[12:48:54] [Server thread/INFO] (Minecraft) Saving chunks for level 'ServerLevel[New Worldk]'/minecraft:the_nether
[12:48:54] [Server thread/INFO] (Minecraft) ThreadedAnvilChunkStorage (world): All chunks are saved
[12:48:54] [Server thread/INFO] (Minecraft) ThreadedAnvilChunkStorage (DIM1): All chunks are saved
[12:48:54] [Server thread/INFO] (Minecraft) ThreadedAnvilChunkStorage (DIM-1): All chunks are saved
[12:48:54] [Server thread/INFO] (Minecraft) ThreadedAnvilChunkStorage: All dimensions are saved
[12:48:55] [Render thread/INFO] (Minecraft) [STDOUT]: [FastReset] Trying to delete: Desert Seed #2
[12:48:55] [Render thread/INFO] (Minecraft) [STDOUT]: [FastReset] Rejected candidate already gone: Desert Seed #2
[12:48:55] [Render thread/INFO] (Minecraft) Loaded 1515 recipes
[12:48:55] [Render thread/INFO] (Minecraft) Loaded 1617 advancements
[12:48:55] [Render thread/INFO] (Minecraft) [STDOUT]: [FastReset] Trying to create: Desert Seed #2
[12:48:55] [Render thread/INFO] (BiomeModificationImpl) Applied 0 biome modifications to 0 of 65 new biomes in 263.1 μs
[12:48:55] [Server thread/INFO] (Minecraft) Starting integrated minecraft server version 26.1
[12:48:55] [Server thread/INFO] (Minecraft) Generating keypair
[12:48:55] [Server thread/INFO] (Minecraft) Selecting global world spawn...
[12:48:57] [Server thread/INFO] (Minecraft) Loading 0 persistent chunks...
[12:48:57] [Server thread/INFO] (Minecraft) Preparing spawn area: 16%
[12:48:57] [Server thread/INFO] (Minecraft) Saving chunks for level 'ServerLevel[Desert Seed #2]'/minecraft:overworld
[12:48:57] [Server thread/INFO] (Minecraft) Saving chunks for level 'ServerLevel[Desert Seed #2]'/minecraft:the_end
[12:48:57] [Server thread/INFO] (Minecraft) Saving chunks for level 'ServerLevel[Desert Seed #2]'/minecraft:the_nether
[12:48:57] [Server thread/INFO] (Minecraft) ThreadedAnvilChunkStorage (world): All chunks are saved
[12:48:57] [Server thread/INFO] (Minecraft) ThreadedAnvilChunkStorage (DIM1): All chunks are saved
[12:48:57] [Server thread/INFO] (Minecraft) ThreadedAnvilChunkStorage (DIM-1): All chunks are saved
[12:48:57] [Server thread/INFO] (Minecraft) ThreadedAnvilChunkStorage: All dimensions are saved
[12:48:57] [Server thread/INFO] (Minecraft) Loading 47 chunks for player spawn...
[12:48:57] [Server thread/INFO] (Minecraft) Preparing spawn area: 16%
[12:48:57] [Server thread/INFO] (Minecraft) Preparing spawn area: 16%
[12:48:57] [Server thread/INFO] (Minecraft) Preparing spawn area: 16%
[12:48:57] [Server thread/INFO] (Minecraft) Preparing spawn area: 16%
[12:48:58] [Server thread/INFO] (Minecraft) Preparing spawn area: 29%
[12:48:58] [Server thread/INFO] (Minecraft) Preparing spawn area: 29%
[12:48:59] [Server thread/INFO] (Minecraft) Preparing spawn area: 57%
[12:48:59] [Server thread/INFO] (Minecraft) Preparing spawn area: 57%
[12:49:00] [Server thread/INFO] (Minecraft) Preparing spawn area: 57%
[12:49:00] [Server thread/INFO] (Minecraft) Time elapsed: 4856 ms
[12:49:00] [Server thread/INFO] (Minecraft) Player72[local:E:bc0a7ca9] logged in with entity id 108 at (18.5, 63.0, -1.5)
[12:49:00] [Server thread/INFO] (Minecraft) Player72 joined the game
[12:49:00] [Server thread/INFO] (Minecraft) Changing view distance to 32, from 10
[12:49:00] [Server thread/INFO] (Minecraft) Changing simulation distance to 5, from 0
[12:49:00] [Render thread/INFO] (Minecraft) Loaded 2 advancements
[12:49:00] [Render thread/INFO] (Minecraft) [STDOUT]: [FastReset] Not desert -> DELETE: Desert Seed #2
[12:49:00] [Server thread/INFO] (Minecraft) Stopping server
[12:49:00] [Server thread/INFO] (Minecraft) Saving players
[12:49:00] [Server thread/INFO] (Minecraft) Player72 lost connection: Disconnected
[12:49:00] [Server thread/INFO] (Minecraft) Player72 left the game
[12:49:00] [Server thread/INFO] (Minecraft) Stopping singleplayer server as player logged out
[12:49:00] [Server thread/INFO] (Minecraft) Saving worlds
[12:49:00] [Server thread/INFO] (Minecraft) [STDOUT]: [FastReset] Skipping chunk save for rejected candidate: Desert Seed #2
[12:49:00] [Server thread/INFO] (Minecraft) Saving chunks for level 'ServerLevel[Desert Seed #2]'/minecraft:overworld
[12:49:00] [Server thread/INFO] (Minecraft) Saving chunks for level 'ServerLevel[Desert Seed #2]'/minecraft:the_end
[12:49:00] [Server thread/INFO] (Minecraft) Saving chunks for level 'ServerLevel[Desert Seed #2]'/minecraft:the_nether
[12:49:00] [Server thread/INFO] (Minecraft) ThreadedAnvilChunkStorage (world): All chunks are saved
[12:49:00] [Server thread/INFO] (Minecraft) ThreadedAnvilChunkStorage (DIM1): All chunks are saved
[12:49:00] [Server thread/INFO] (Minecraft) ThreadedAnvilChunkStorage (DIM-1): All chunks are saved
[12:49:00] [Server thread/INFO] (Minecraft) ThreadedAnvilChunkStorage: All dimensions are saved
[12:49:01] [Render thread/INFO] (Minecraft) [STDOUT]: [FastReset] Trying to delete: Desert Seed #2
[12:49:01] [Render thread/INFO] (Minecraft) [STDOUT]: [FastReset] Deleted: Desert Seed #2
[12:49:02] [Render thread/INFO] (Minecraft) Loaded 1515 recipes
[12:49:02] [Render thread/INFO] (Minecraft) Loaded 1617 advancements
[12:49:02] [Render thread/INFO] (Minecraft) [STDOUT]: [FastReset] Trying to create: Desert Seed #2
[12:49:02] [Render thread/INFO] (BiomeModificationImpl) Applied 0 biome modifications to 0 of 65 new biomes in 207.5 μs
[12:49:02] [Server thread/INFO] (Minecraft) Starting integrated minecraft server version 26.1
[12:49:02] [Server thread/INFO] (Minecraft) Generating keypair
[12:49:02] [Server thread/INFO] (Minecraft) Selecting global world spawn...
[12:49:04] [Server thread/INFO] (Minecraft) Loading 0 persistent chunks...
[12:49:04] [Server thread/INFO] (Minecraft) Preparing spawn area: 16%
[12:49:04] [Server thread/INFO] (Minecraft) Saving chunks for level 'ServerLevel[New Worldk]'/minecraft:overworld
[12:49:04] [Server thread/INFO] (Minecraft) Saving chunks for level 'ServerLevel[New Worldk]'/minecraft:the_end
[12:49:04] [Server thread/INFO] (Minecraft) Saving chunks for level 'ServerLevel[New Worldk]'/minecraft:the_nether
[12:49:04] [Server thread/INFO] (Minecraft) ThreadedAnvilChunkStorage (world): All chunks are saved
[12:49:04] [Server thread/INFO] (Minecraft) ThreadedAnvilChunkStorage (DIM1): All chunks are saved
[12:49:04] [Server thread/INFO] (Minecraft) ThreadedAnvilChunkStorage (DIM-1): All chunks are saved
[12:49:04] [Server thread/INFO] (Minecraft) ThreadedAnvilChunkStorage: All dimensions are saved
[12:49:04] [Render thread/INFO] (Minecraft) [STDOUT]: [FastReset] Stop requested. Cleaning current candidate first.
[12:49:04] [Server thread/INFO] (Minecraft) Loading 47 chunks for player spawn...
[12:49:04] [Server thread/INFO] (Minecraft) Preparing spawn area: 16%
[12:49:04] [Server thread/INFO] (Minecraft) Preparing spawn area: 16%
[12:49:04] [Server thread/INFO] (Minecraft) Preparing spawn area: 16%
[12:49:04] [Server thread/INFO] (Minecraft) Preparing spawn area: 16%
[12:49:05] [Server thread/INFO] (Minecraft) Preparing spawn area: 16%
[12:49:05] [Server thread/INFO] (Minecraft) Preparing spawn area: 29%
[12:49:06] [Server thread/INFO] (Minecraft) Preparing spawn area: 57%
[12:49:06] [Server thread/INFO] (Minecraft) Preparing spawn area: 57%
[12:49:06] [Server thread/INFO] (Minecraft) Time elapsed: 4123 ms
[12:49:06] [Server thread/INFO] (Minecraft) Player72[local:E:14d9f274] logged in with entity id 142 at (-7.5, 77.0, 5.5)
[12:49:06] [Server thread/INFO] (Minecraft) Player72 joined the game
[12:49:06] [Server thread/INFO] (Minecraft) Changing view distance to 32, from 10
[12:49:06] [Server thread/INFO] (Minecraft) Changing simulation distance to 5, from 0
[12:49:06] [Render thread/INFO] (Minecraft) Loaded 2 advancements
[12:49:06] [Render thread/INFO] (Minecraft) [STDOUT]: [FastReset] Not desert -> DELETE: Desert Seed #2
[12:49:06] [Server thread/INFO] (Minecraft) Player72 lost connection: Disconnected
[12:49:06] [Server thread/INFO] (Minecraft) Player72 left the game
[12:49:06] [Server thread/INFO] (Minecraft) Stopping singleplayer server as player logged out
[12:49:06] [Server thread/INFO] (Minecraft) Stopping server
[12:49:06] [Server thread/INFO] (Minecraft) Saving players
[12:49:06] [Server thread/INFO] (Minecraft) Saving worlds
[12:49:06] [Server thread/INFO] (Minecraft) [STDOUT]: [FastReset] Skipping chunk save for rejected candidate: Desert Seed #2
[12:49:06] [Server thread/INFO] (Minecraft) Saving chunks for level 'ServerLevel[New Worldk]'/minecraft:overworld
[12:49:06] [Server thread/INFO] (Minecraft) Saving chunks for level 'ServerLevel[New Worldk]'/minecraft:the_end
[12:49:06] [Server thread/INFO] (Minecraft) Saving chunks for level 'ServerLevel[New Worldk]'/minecraft:the_nether
[12:49:06] [Server thread/INFO] (Minecraft) ThreadedAnvilChunkStorage (world): All chunks are saved
[12:49:06] [Server thread/INFO] (Minecraft) ThreadedAnvilChunkStorage (DIM1): All chunks are saved
[12:49:06] [Server thread/INFO] (Minecraft) ThreadedAnvilChunkStorage (DIM-1): All chunks are saved
[12:49:06] [Server thread/INFO] (Minecraft) ThreadedAnvilChunkStorage: All dimensions are saved
[12:49:07] [Render thread/INFO] (Minecraft) [STDOUT]: [FastReset] Trying to delete: Desert Seed #2
[12:49:07] [Render thread/INFO] (Minecraft) [STDOUT]: [FastReset] Rejected candidate already gone: Desert Seed #2
[12:49:07] [Render thread/INFO] (Minecraft) [STDOUT]: [FastReset] Seed search stopped: manual stop. Desert worlds kept this run: 1
[12:49:13] [Render thread/INFO] (Minecraft) Loaded 1515 recipes
[12:49:13] [Render thread/INFO] (Minecraft) Loaded 1617 advancements
[12:49:13] [Render thread/INFO] (BiomeModificationImpl) Applied 0 biome modifications to 0 of 65 new biomes in 189.6 μs
[12:49:13] [Server thread/INFO] (Minecraft) Starting integrated minecraft server version 26.1
[12:49:13] [Server thread/INFO] (Minecraft) Generating keypair
[12:49:13] [Server thread/INFO] (Minecraft) Loading 0 persistent chunks...
[12:49:13] [Server thread/INFO] (Minecraft) Preparing spawn area: 16%
[12:49:13] [Server thread/INFO] (Minecraft) Saving chunks for level 'ServerLevel[Desert Seed #1]'/minecraft:overworld
[12:49:13] [Server thread/INFO] (Minecraft) Saving chunks for level 'ServerLevel[Desert Seed #1]'/minecraft:the_end
[12:49:13] [Server thread/INFO] (Minecraft) Saving chunks for level 'ServerLevel[Desert Seed #1]'/minecraft:the_nether
[12:49:13] [Server thread/INFO] (Minecraft) ThreadedAnvilChunkStorage (world): All chunks are saved
[12:49:13] [Server thread/INFO] (Minecraft) ThreadedAnvilChunkStorage (DIM1): All chunks are saved
[12:49:13] [Server thread/INFO] (Minecraft) ThreadedAnvilChunkStorage (DIM-1): All chunks are saved
[12:49:13] [Server thread/INFO] (Minecraft) ThreadedAnvilChunkStorage: All dimensions are saved
[12:49:14] [Server thread/INFO] (Minecraft) Loading 49 chunks for player spawn...
[12:49:14] [Server thread/INFO] (Minecraft) Time elapsed: 367 ms
[12:49:14] [Server thread/INFO] (Minecraft) Player72[local:E:e444beb4] logged in with entity id 158 at (-0.5, 68.0, 5.5)
[12:49:14] [Server thread/INFO] (Minecraft) Player72 joined the game
[12:49:14] [Server thread/INFO] (Minecraft) Changing view distance to 32, from 10
[12:49:14] [Server thread/INFO] (Minecraft) Changing simulation distance to 5, from 0
[12:49:14] [Render thread/INFO] (Minecraft) Loaded 2 advancements
[12:49:14] [Render thread/INFO] (Minecraft) Resizing Chunk Sections UBO, capacity limit of 2 reached during a single frame. New capacity will be 8.
[12:49:14] [Render thread/INFO] (Minecraft) Resizing Chunk Sections UBO, capacity limit of 8 reached during a single frame. New capacity will be 16.
[12:49:14] [Render thread/INFO] (Minecraft) Resizing Chunk Sections UBO, capacity limit of 16 reached during a single frame. New capacity will be 32.
[12:49:15] [Render thread/INFO] (Minecraft) Resizing Dynamic Transforms UBO, capacity limit of 8 reached during a single frame. New capacity will be 16.
[12:49:15] [Render thread/INFO] (Minecraft) Resizing Chunk Sections UBO, capacity limit of 32 reached during a single frame. New capacity will be 64.
[12:49:19] [Render thread/INFO] (Minecraft) Resizing Chunk Sections UBO, capacity limit of 64 reached during a single frame. New capacity will be 128.
[12:49:21] [Server thread/INFO] (Minecraft) Saving and pausing game...
[12:49:21] [Server thread/INFO] (Minecraft) Saving chunks for level 'ServerLevel[Desert Seed #1]'/minecraft:overworld
[12:49:21] [Server thread/INFO] (Minecraft) Saving chunks for level 'ServerLevel[Desert Seed #1]'/minecraft:the_end
[12:49:21] [Server thread/INFO] (Minecraft) Saving chunks for level 'ServerLevel[Desert Seed #1]'/minecraft:the_nether
[12:49:21] [Server thread/INFO] (Minecraft) Stopping server
[12:49:21] [Server thread/INFO] (Minecraft) Saving players
[12:49:21] [Server thread/INFO] (Minecraft) Player72 lost connection: Disconnected
[12:49:21] [Server thread/INFO] (Minecraft) Player72 left the game
[12:49:21] [Server thread/INFO] (Minecraft) Stopping singleplayer server as player logged out
[12:49:21] [Server thread/INFO] (Minecraft) Saving worlds
[12:49:22] [Server thread/INFO] (Minecraft) Saving chunks for level 'ServerLevel[Desert Seed #1]'/minecraft:overworld
[12:49:23] [Server thread/INFO] (Minecraft) Saving chunks for level 'ServerLevel[Desert Seed #1]'/minecraft:the_end
[12:49:23] [Server thread/INFO] (Minecraft) Saving chunks for level 'ServerLevel[Desert Seed #1]'/minecraft:the_nether
[12:49:23] [Server thread/INFO] (Minecraft) ThreadedAnvilChunkStorage (world): All chunks are saved
[12:49:23] [Server thread/INFO] (Minecraft) ThreadedAnvilChunkStorage (DIM1): All chunks are saved
[12:49:23] [Server thread/INFO] (Minecraft) ThreadedAnvilChunkStorage (DIM-1): All chunks are saved
[12:49:23] [Server thread/INFO] (Minecraft) ThreadedAnvilChunkStorage: All dimensions are saved
[12:49:40] [Render thread/INFO] (Minecraft) Stopping!
